<?xml version="1.0" encoding="UTF-8"?>
<TestRun id="43e646a3-7a35-4f3a-9699-bb57b5b0062d" name="ptucker@MACS-PTUCKER-V 2009-07-01 14:01:27" runUser="ADMIN\ptucker" xmlns="http://microsoft.com/schemas/VisualStudio/TeamTest/2010">
  <TestSettings name="Local" id="0e641d25-d9ae-4874-8ea8-6e3f51b950e2">
    <Description>These are default test settings for a local test run.</Description>
    <Deployment runDeploymentRoot="ptucker_MACS-PTUCKER-V 2009-07-01 14_01_27">
      <DeploymentItem filename="C:\Users\ptucker.ADMIN\Documents\WhitStream\bin\Debug\WhitStream.dll" />
    </Deployment>
    <Execution>
      <TestTypeSpecific />
      <AgentRule name="Execution Agents">
      </AgentRule>
    </Execution>
  </TestSettings>
  <Times creation="2009-07-01T14:01:27.7370998-07:00" queuing="2009-07-01T14:01:28.6871948-07:00" start="2009-07-01T14:01:28.9832244-07:00" finish="2009-07-01T14:08:18.9197851-07:00" />
  <ResultSummary outcome="Completed">
    <Counters total="1" executed="1" passed="1" error="0" failed="0" timeout="0" aborted="0" inconclusive="0" passedButRunAborted="0" notRunnable="0" notExecuted="0" disconnected="0" warning="0" completed="0" inProgress="0" pending="0" />
  </ResultSummary>
  <TestDefinitions>
    <UnitTest name="ExecuteQuery" storage="c:\users\ptucker.admin\documents\whitstream\whitstreamunittest\bin\debug\whitstreamunittest.dll" id="51a29521-a14e-6b29-a86d-ba747b374e65">
      <Execution id="de117240-73f3-4b59-9610-721f1cbd71fd" />
      <TestMethod codeBase="C:/Users/ptucker.ADMIN/Documents/WhitStream/WhitStreamUnitTest/bin/Debug/WhitStreamUnitTest.DLL" adapterTypeName="Microsoft.VisualStudio.TestTools.TestTypes.Unit.UnitTestAdapter, Microsoft.VisualStudio.QualityTools.Tips.UnitTest.Adapter, Version=10.0.0.0, Culture=neutral, PublicKeyToken=b03f5f7f11d50a3a" className="WhitStreamUnitTest.Queries, WhitStreamUnitTest, Version=1.0.0.0, Culture=neutral, PublicKeyToken=null" name="ExecuteQuery" />
    </UnitTest>
  </TestDefinitions>
  <TestLists>
    <TestList name="Results Not in a List" id="8c84fa94-04c1-424b-9868-57a2d4851a1d" />
    <TestList name="All Loaded Results" id="19431567-8539-422a-85d7-44ee4e166bda" />
  </TestLists>
  <TestEntries>
    <TestEntry testId="51a29521-a14e-6b29-a86d-ba747b374e65" executionId="de117240-73f3-4b59-9610-721f1cbd71fd" testListId="8c84fa94-04c1-424b-9868-57a2d4851a1d" />
  </TestEntries>
  <Results>
    <UnitTestResult executionId="de117240-73f3-4b59-9610-721f1cbd71fd" testId="51a29521-a14e-6b29-a86d-ba747b374e65" testName="ExecuteQuery" computerName="MACS-PTUCKER-V" duration="00:06:38.4464853" startTime="2009-07-01T14:01:29.1912452-07:00" endTime="2009-07-01T14:08:08.7827851-07:00" testType="13cdc9d9-ddb5-4fa4-a97d-d965ccfc6d4b" outcome="Passed" testListId="8c84fa94-04c1-424b-9868-57a2d4851a1d" relativeResultsDirectory="de117240-73f3-4b59-9610-721f1cbd71fd">
      <Output>
        <StdOut>Round Robin (op/thread)0 Total Rows: 167342, Time: 00:06:36.0064141
Average Time: 396.006</StdOut>
        <DebugTrace>Still using a global thread pool rather than a local pool
Still using a global thread pool rather than a local pool
Still using a global thread pool rather than a local pool
Still using a global thread pool rather than a local pool
Still using a global thread pool rather than a local pool
Still using a global thread pool rather than a local pool
Still using a global thread pool rather than a local pool
Still using a global thread pool rather than a local pool
Still using a global thread pool rather than a local pool
Still using a global thread pool rather than a local pool
Still using a global thread pool rather than a local pool
Still using a global thread pool rather than a local pool
Still using a global thread pool rather than a local pool
Still using a global thread pool rather than a local pool
Still using a global thread pool rather than a local pool
Still using a global thread pool rather than a local pool
Still using a global thread pool rather than a local pool
Still using a global thread pool rather than a local pool
Still using a global thread pool rather than a local pool
Still using a global thread pool rather than a local pool
Still using a global thread pool rather than a local pool
Still using a global thread pool rather than a local pool
Still using a global thread pool rather than a local pool
Still using a global thread pool rather than a local pool
Still using a global thread pool rather than a local pool
Still using a global thread pool rather than a local pool
Still using a global thread pool rather than a local pool
Still using a global thread pool rather than a local pool
Still using a global thread pool rather than a local pool
Still using a global thread pool rather than a local pool
Still using a global thread pool rather than a local pool
Still using a global thread pool rather than a local pool
Still using a global thread pool rather than a local pool
Still using a global thread pool rather than a local pool
Still using a global thread pool rather than a local pool
Still using a global thread pool rather than a local pool
Still using a global thread pool rather than a local pool
Still using a global thread pool rather than a local pool
Still using a global thread pool rather than a local pool
Still using a global thread pool rather than a local pool
Still using a global thread pool rather than a local pool
Still using a global thread pool rather than a local pool
Still using a global thread pool rather than a local pool
Still using a global thread pool rather than a local pool
Still using a global thread pool rather than a local pool
Still using a global thread pool rather than a local pool
Still using a global thread pool rather than a local pool
Still using a global thread pool rather than a local pool
Still using a global thread pool rather than a local pool
Still using a global thread pool rather than a local pool
Still using a global thread pool rather than a local pool
Still using a global thread pool rather than a local pool
Still using a global thread pool rather than a local pool
Still using a global thread pool rather than a local pool
Still using a global thread pool rather than a local pool
Still using a global thread pool rather than a local pool
Still using a global thread pool rather than a local pool
Still using a global thread pool rather than a local pool
Still using a global thread pool rather than a local pool
Still using a global thread pool rather than a local pool
Still using a global thread pool rather than a local pool
Still using a global thread pool rather than a local pool
Still using a global thread pool rather than a local pool
Still using a global thread pool rather than a local pool
Still using a global thread pool rather than a local pool
Still using a global thread pool rather than a local pool
Still using a global thread pool rather than a local pool
Still using a global thread pool rather than a local pool
Still using a global thread pool rather than a local pool
Still using a global thread pool rather than a local pool
Still using a global thread pool rather than a local pool
Still using a global thread pool rather than a local pool
Still using a global thread pool rather than a local pool
Still using a global thread pool rather than a local pool
Still using a global thread pool rather than a local pool
Still using a global thread pool rather than a local pool
Still using a global thread pool rather than a local pool
Still using a global thread pool rather than a local pool
Still using a global thread pool rather than a local pool
Still using a global thread pool rather than a local pool
Still using a global thread pool rather than a local pool
Still using a global thread pool rather than a local pool
Still using a global thread pool rather than a local pool
Still using a global thread pool rather than a local pool
Still using a global thread pool rather than a local pool
Still using a global thread pool rather than a local pool
Still using a global thread pool rather than a local pool
Still using a global thread pool rather than a local pool
Still using a global thread pool rather than a local pool
Still using a global thread pool rather than a local pool
Still using a global thread pool rather than a local pool
Still using a global thread pool rather than a local pool
Still using a global thread pool rather than a local pool
Still using a global thread pool rather than a local pool
Still using a global thread pool rather than a local pool
Still using a global thread pool rather than a local pool
Still using a global thread pool rather than a local pool
Still using a global thread pool rather than a local pool
Still using a global thread pool rather than a local pool
Still using a global thread pool rather than a local pool
Still using a global thread pool rather than a local pool
Still using a global thread pool rather than a local pool
Still using a global thread pool rather than a local pool
Still using a global thread pool rather than a local pool
Still using a global thread pool rather than a local pool
Still using a global thread pool rather than a local pool
Still using a global thread pool rather than a local pool
Still using a global thread pool rather than a local pool
Still using a global thread pool rather than a local pool
Still using a global thread pool rather than a local pool
Still using a global thread pool rather than a local pool
Still using a global thread pool rather than a local pool
Still using a global thread pool rather than a local pool
Still using a global thread pool rather than a local pool
Still using a global thread pool rather than a local pool
Still using a global thread pool rather than a local pool
Still using a global thread pool rather than a local pool
Still using a global thread pool rather than a local pool
Still using a global thread pool rather than a local pool
Still using a global thread pool rather than a local pool
Still using a global thread pool rather than a local pool
Still using a global thread pool rather than a local pool
Still using a global thread pool rather than a local pool
Still using a global thread pool rather than a local pool
Still using a global thread pool rather than a local pool
Still using a global thread pool rather than a local pool
Still using a global thread pool rather than a local pool
Still using a global thread pool rather than a local pool
Still using a global thread pool rather than a local pool
Still using a global thread pool rather than a local pool
Still using a global thread pool rather than a local pool
Still using a global thread pool rather than a local pool
Still using a global thread pool rather than a local pool
Still using a global thread pool rather than a local pool
Still using a global thread pool rather than a local pool
Still using a global thread pool rather than a local pool
Still using a global thread pool rather than a local pool
Still using a global thread pool rather than a local pool
Still using a global thread pool rather than a local pool
Still using a global thread pool rather than a local pool
Still using a global thread pool rather than a local pool
Still using a global thread pool rather than a local pool
Still using a global thread pool rather than a local pool
Still using a global thread pool rather than a local pool
Still using a global thread pool rather than a local pool
Still using a global thread pool rather than a local pool
Still using a global thread pool rather than a local pool
Still using a global thread pool rather than a local pool
Still using a global thread pool rather than a local pool
Still using a global thread pool rather than a local pool
Still using a global thread pool rather than a local pool
Still using a global thread pool rather than a local pool
Still using a global thread pool rather than a local pool
Still using a global thread pool rather than a local pool
Still using a global thread pool rather than a local pool
Still using a global thread pool rather than a local pool
Still using a global thread pool rather than a local pool
Still using a global thread pool rather than a local pool
Still using a global thread pool rather than a local pool
Still using a global thread pool rather than a local pool
Still using a global thread pool rather than a local pool
Still using a global thread pool rather than a local pool
Still using a global thread pool rather than a local pool
Still using a global thread pool rather than a local pool
Still using a global thread pool rather than a local pool
Still using a global thread pool rather than a local pool
Still using a global thread pool rather than a local pool
Still using a global thread pool rather than a local pool
Still using a global thread pool rather than a local pool
Still using a global thread pool rather than a local pool
Still using a global thread pool rather than a local pool
Still using a global thread pool rather than a local pool
Still using a global thread pool rather than a local pool
Still using a global thread pool rather than a local pool
Still using a global thread pool rather than a local pool
Still using a global thread pool rather than a local pool
Still using a global thread pool rather than a local pool
Still using a global thread pool rather than a local pool
Still using a global thread pool rather than a local pool
Still using a global thread pool rather than a local pool
Still using a global thread pool rather than a local pool
Still using a global thread pool rather than a local pool
Still using a global thread pool rather than a local pool
Still using a global thread pool rather than a local pool
Still using a global thread pool rather than a local pool
Still using a global thread pool rather than a local pool
Still using a global thread pool rather than a local pool
Still using a global thread pool rather than a local pool
Still using a global thread pool rather than a local pool
Still using a global thread pool rather than a local pool
Still using a global thread pool rather than a local pool
Still using a global thread pool rather than a local pool
Still using a global thread pool rather than a local pool
Still using a global thread pool rather than a local pool
Still using a global thread pool rather than a local pool
Still using a global thread pool rather than a local pool
Still using a global thread pool rather than a local pool
Still using a global thread pool rather than a local pool
Still using a global thread pool rather than a local pool
Still using a global thread pool rather than a local pool
Still using a global thread pool rather than a local pool
Still using a global thread pool rather than a local pool
Still using a global thread pool rather than a local pool
Still using a global thread pool rather than a local pool
Still using a global thread pool rather than a local pool
Still using a global thread pool rather than a local pool
Still using a global thread pool rather than a local pool
Still using a global thread pool rather than a local pool
Still using a global thread pool rather than a local pool
Still using a global thread pool rather than a local pool
Still using a global thread pool rather than a local pool
Still using a global thread pool rather than a local pool
Still using a global thread pool rather than a local pool
Still using a global thread pool rather than a local pool
Still using a global thread pool rather than a local pool
Still using a global thread pool rather than a local pool
Still using a global thread pool rather than a local pool
Still using a global thread pool rather than a local pool
Still using a global thread pool rather than a local pool
Still using a global thread pool rather than a local pool
Still using a global thread pool rather than a local pool
Still using a global thread pool rather than a local pool
Still using a global thread pool rather than a local pool
Still using a global thread pool rather than a local pool
Still using a global thread pool rather than a local pool
Still using a global thread pool rather than a local pool
Still using a global thread pool rather than a local pool
Still using a global thread pool rather than a local pool
Still using a global thread pool rather than a local pool
Still using a global thread pool rather than a local pool
Still using a global thread pool rather than a local pool
Still using a global thread pool rather than a local pool
Still using a global thread pool rather than a local pool
Still using a global thread pool rather than a local pool
Still using a global thread pool rather than a local pool
Still using a global thread pool rather than a local pool
Still using a global thread pool rather than a local pool
Still using a global thread pool rather than a local pool
Still using a global thread pool rather than a local pool
Still using a global thread pool rather than a local pool
Still using a global thread pool rather than a local pool
Still using a global thread pool rather than a local pool
Still using a global thread pool rather than a local pool
Still using a global thread pool rather than a local pool
Still using a global thread pool rather than a local pool
Still using a global thread pool rather than a local pool
Still using a global thread pool rather than a local pool
Still using a global thread pool rather than a local pool
Still using a global thread pool rather than a local pool
Still using a global thread pool rather than a local pool
Still using a global thread pool rather than a local pool
Still using a global thread pool rather than a local pool
Still using a global thread pool rather than a local pool
Still using a global thread pool rather than a local pool
Still using a global thread pool rather than a local pool
Still using a global thread pool rather than a local pool
Still using a global thread pool rather than a local pool
Still using a global thread pool rather than a local pool
Still using a global thread pool rather than a local pool
Still using a global thread pool rather than a local pool
Still using a global thread pool rather than a local pool
Still using a global thread pool rather than a local pool
Still using a global thread pool rather than a local pool
Still using a global thread pool rather than a local pool
Still using a global thread pool rather than a local pool
Still using a global thread pool rather than a local pool
Still using a global thread pool rather than a local pool
Still using a global thread pool rather than a local pool
Still using a global thread pool rather than a local pool
Still using a global thread pool rather than a local pool
Still using a global thread pool rather than a local pool
Still using a global thread pool rather than a local pool
Still using a global thread pool rather than a local pool
Still using a global thread pool rather than a local pool
Still using a global thread pool rather than a local pool
Still using a global thread pool rather than a local pool
Still using a global thread pool rather than a local pool
Still using a global thread pool rather than a local pool
Still using a global thread pool rather than a local pool
Still using a global thread pool rather than a local pool
Still using a global thread pool rather than a local pool
Still using a global thread pool rather than a local pool
Still using a global thread pool rather than a local pool
Still using a global thread pool rather than a local pool
Still using a global thread pool rather than a local pool
Still using a global thread pool rather than a local pool
Still using a global thread pool rather than a local pool
Still using a global thread pool rather than a local pool
Still using a global thread pool rather than a local pool
Still using a global thread pool rather than a local pool
Still using a global thread pool rather than a local pool
Still using a global thread pool rather than a local pool
Still using a global thread pool rather than a local pool
Still using a global thread pool rather than a local pool
Still using a global thread pool rather than a local pool
Still using a global thread pool rather than a local pool
Still using a global thread pool rather than a local pool
Still using a global thread pool rather than a local pool
Still using a global thread pool rather than a local pool
Still using a global thread pool rather than a local pool
Still using a global thread pool rather than a local pool
Still using a global thread pool rather than a local pool
Still using a global thread pool rather than a local pool
Still using a global thread pool rather than a local pool
Still using a global thread pool rather than a local pool
Still using a global thread pool rather than a local pool
Still using a global thread pool rather than a local pool
Still using a global thread pool rather than a local pool
Still using a global thread pool rather than a local pool
Still using a global thread pool rather than a local pool
Still using a global thread pool rather than a local pool
Still using a global thread pool rather than a local pool
Still using a global thread pool rather than a local pool
Still using a global thread pool rather than a local pool
Still using a global thread pool rather than a local pool
Still using a global thread pool rather than a local pool
Still using a global thread pool rather than a local pool
Still using a global thread pool rather than a local pool
Still using a global thread pool rather than a local pool
Still using a global thread pool rather than a local pool
Still using a global thread pool rather than a local pool
Still using a global thread pool rather than a local pool
Still using a global thread pool rather than a local pool
Still using a global thread pool rather than a local pool
Still using a global thread pool rather than a local pool
Still using a global thread pool rather than a local pool
Still using a global thread pool rather than a local pool
Still using a global thread pool rather than a local pool
Still using a global thread pool rather than a local pool
Still using a global thread pool rather than a local pool
Still using a global thread pool rather than a local pool
Still using a global thread pool rather than a local pool
Still using a global thread pool rather than a local pool
Still using a global thread pool rather than a local pool
Still using a global thread pool rather than a local pool
Still using a global thread pool rather than a local pool
Still using a global thread pool rather than a local pool
Still using a global thread pool rather than a local pool
Still using a global thread pool rather than a local pool
Still using a global thread pool rather than a local pool
Still using a global thread pool rather than a local pool
Still using a global thread pool rather than a local pool
Still using a global thread pool rather than a local pool
Still using a global thread pool rather than a local pool
Still using a global thread pool rather than a local pool
Still using a global thread pool rather than a local pool
Still using a global thread pool rather than a local pool
Still using a global thread pool rather than a local pool
Still using a global thread pool rather than a local pool
Still using a global thread pool rather than a local pool
Still using a global thread pool rather than a local pool
Still using a global thread pool rather than a local pool
Still using a global thread pool rather than a local pool
Still using a global thread pool rather than a local pool
Still using a global thread pool rather than a local pool
Still using a global thread pool rather than a local pool
Still using a global thread pool rather than a local pool
Still using a global thread pool rather than a local pool
Still using a global thread pool rather than a local pool
Still using a global thread pool rather than a local pool
Still using a global thread pool rather than a local pool
Still using a global thread pool rather than a local pool
Still using a global thread pool rather than a local pool
Still using a global thread pool rather than a local pool
Still using a global thread pool rather than a local pool
Still using a global thread pool rather than a local pool
Still using a global thread pool rather than a local pool
Still using a global thread pool rather than a local pool
Still using a global thread pool rather than a local pool
Still using a global thread pool rather than a local pool
Still using a global thread pool rather than a local pool
Still using a global thread pool rather than a local pool
Still using a global thread pool rather than a local pool
Still using a global thread pool rather than a local pool
Still using a global thread pool rather than a local pool
Still using a global thread pool rather than a local pool
Still using a global thread pool rather than a local pool
Still using a global thread pool rather than a local pool
Still using a global thread pool rather than a local pool
Still using a global thread pool rather than a local pool
Still using a global thread pool rather than a local pool
Still using a global thread pool rather than a local pool
Still using a global thread pool rather than a local pool
Still using a global thread pool rather than a local pool
Still using a global thread pool rather than a local pool
Still using a global thread pool rather than a local pool
Still using a global thread pool rather than a local pool
Still using a global thread pool rather than a local pool
Still using a global thread pool rather than a local pool
Still using a global thread pool rather than a local pool
Still using a global thread pool rather than a local pool
Still using a global thread pool rather than a local pool
Still using a global thread pool rather than a local pool
Still using a global thread pool rather than a local pool
Still using a global thread pool rather than a local pool
Still using a global thread pool rather than a local pool
Still using a global thread pool rather than a local pool
Still using a global thread pool rather than a local pool
Still using a global thread pool rather than a local pool
Still using a global thread pool rather than a local pool
Still using a global thread pool rather than a local pool
Still using a global thread pool rather than a local pool
Still using a global thread pool rather than a local pool
Still using a global thread pool rather than a local pool
Still using a global thread pool rather than a local pool
Still using a global thread pool rather than a local pool
Still using a global thread pool rather than a local pool
Still using a global thread pool rather than a local pool
Still using a global thread pool rather than a local pool
Still using a global thread pool rather than a local pool
Still using a global thread pool rather than a local pool
Still using a global thread pool rather than a local pool
Still using a global thread pool rather than a local pool
Still using a global thread pool rather than a local pool
Still using a global thread pool rather than a local pool
Still using a global thread pool rather than a local pool
Still using a global thread pool rather than a local pool
Still using a global thread pool rather than a local pool
Still using a global thread pool rather than a local pool
Still using a global thread pool rather than a local pool
Still using a global thread pool rather than a local pool
Still using a global thread pool rather than a local pool
Still using a global thread pool rather than a local pool
Still using a global thread pool rather than a local pool
Still using a global thread pool rather than a local pool
Still using a global thread pool rather than a local pool
Still using a global thread pool rather than a local pool
Still using a global thread pool rather than a local pool
Still using a global thread pool rather than a local pool
Still using a global thread pool rather than a local pool
Still using a global thread pool rather than a local pool
Still using a global thread pool rather than a local pool
Still using a global thread pool rather than a local pool
Still using a global thread pool rather than a local pool
Still using a global thread pool rather than a local pool
Still using a global thread pool rather than a local pool
Still using a global thread pool rather than a local pool
Still using a global thread pool rather than a local pool
Still using a global thread pool rather than a local pool
Still using a global thread pool rather than a local pool
Still using a global thread pool rather than a local pool
Still using a global thread pool rather than a local pool
Still using a global thread pool rather than a local pool
Still using a global thread pool rather than a local pool
Still using a global thread pool rather than a local pool
Still using a global thread pool rather than a local pool
Still using a global thread pool rather than a local pool
Still using a global thread pool rather than a local pool
Still using a global thread pool rather than a local pool
Still using a global thread pool rather than a local pool
Still using a global thread pool rather than a local pool
Still using a global thread pool rather than a local pool
Still using a global thread pool rather than a local pool
Still using a global thread pool rather than a local pool
Still using a global thread pool rather than a local pool
Still using a global thread pool rather than a local pool
Still using a global thread pool rather than a local pool
Still using a global thread pool rather than a local pool
Still using a global thread pool rather than a local pool
Still using a global thread pool rather than a local pool
Still using a global thread pool rather than a local pool
Still using a global thread pool rather than a local pool
Still using a global thread pool rather than a local pool
Still using a global thread pool rather than a local pool
Still using a global thread pool rather than a local pool
Still using a global thread pool rather than a local pool
Still using a global thread pool rather than a local pool
Still using a global thread pool rather than a local pool
Still using a global thread pool rather than a local pool
Still using a global thread pool rather than a local pool
Still using a global thread pool rather than a local pool
Still using a global thread pool rather than a local pool
Still using a global thread pool rather than a local pool
Still using a global thread pool rather than a local pool
Still using a global thread pool rather than a local pool
Still using a global thread pool rather than a local pool
Still using a global thread pool rather than a local pool
Still using a global thread pool rather than a local pool
Still using a global thread pool rather than a local pool
Still using a global thread pool rather than a local pool
Still using a global thread pool rather than a local pool
Still using a global thread pool rather than a local pool
Still using a global thread pool rather than a local pool
Still using a global thread pool rather than a local pool
Still using a global thread pool rather than a local pool
Still using a global thread pool rather than a local pool
Still using a global thread pool rather than a local pool
Still using a global thread pool rather than a local pool
Still using a global thread pool rather than a local pool
Still using a global thread pool rather than a local pool
Still using a global thread pool rather than a local pool
Still using a global thread pool rather than a local pool
Still using a global thread pool rather than a local pool
Still using a global thread pool rather than a local pool
Still using a global thread pool rather than a local pool
Still using a global thread pool rather than a local pool
Still using a global thread pool rather than a local pool
Still using a global thread pool rather than a local pool
Still using a global thread pool rather than a local pool
Still using a global thread pool rather than a local pool
Still using a global thread pool rather than a local pool
Still using a global thread pool rather than a local pool
Still using a global thread pool rather than a local pool
Still using a global thread pool rather than a local pool
Still using a global thread pool rather than a local pool
Still using a global thread pool rather than a local pool
Still using a global thread pool rather than a local pool
Still using a global thread pool rather than a local pool
Still using a global thread pool rather than a local pool
Still using a global thread pool rather than a local pool
Still using a global thread pool rather than a local pool
Still using a global thread pool rather than a local pool
Still using a global thread pool rather than a local pool
Still using a global thread pool rather than a local pool
Still using a global thread pool rather than a local pool
Still using a global thread pool rather than a local pool
Still using a global thread pool rather than a local pool
Still using a global thread pool rather than a local pool
Still using a global thread pool rather than a local pool
Still using a global thread pool rather than a local pool
Still using a global thread pool rather than a local pool
Still using a global thread pool rather than a local pool
Still using a global thread pool rather than a local pool
Still using a global thread pool rather than a local pool
Still using a global thread pool rather than a local pool
Still using a global thread pool rather than a local pool
Still using a global thread pool rather than a local pool
Still using a global thread pool rather than a local pool
Still using a global thread pool rather than a local pool
Still using a global thread pool rather than a local pool
Still using a global thread pool rather than a local pool
Still using a global thread pool rather than a local pool
Still using a global thread pool rather than a local pool
Still using a global thread pool rather than a local pool
Still using a global thread pool rather than a local pool
Still using a global thread pool rather than a local pool
Still using a global thread pool rather than a local pool
Still using a global thread pool rather than a local pool
Still using a global thread pool rather than a local pool
Still using a global thread pool rather than a local pool
Still using a global thread pool rather than a local pool
Still using a global thread pool rather than a local pool
Still using a global thread pool rather than a local pool
Still using a global thread pool rather than a local pool
Still using a global thread pool rather than a local pool
Still using a global thread pool rather than a local pool
Still using a global thread pool rather than a local pool
Still using a global thread pool rather than a local pool
Still using a global thread pool rather than a local pool
Still using a global thread pool rather than a local pool
Still using a global thread pool rather than a local pool
Still using a global thread pool rather than a local pool
Still using a global thread pool rather than a local pool
Still using a global thread pool rather than a local pool
Still using a global thread pool rather than a local pool
Still using a global thread pool rather than a local pool
Still using a global thread pool rather than a local pool
Still using a global thread pool rather than a local pool
Still using a global thread pool rather than a local pool
Still using a global thread pool rather than a local pool
Still using a global thread pool rather than a local pool
Still using a global thread pool rather than a local pool
Still using a global thread pool rather than a local pool
Still using a global thread pool rather than a local pool
Still using a global thread pool rather than a local pool
Still using a global thread pool rather than a local pool
Still using a global thread pool rather than a local pool
Still using a global thread pool rather than a local pool
Still using a global thread pool rather than a local pool
Still using a global thread pool rather than a local pool
Still using a global thread pool rather than a local pool
Still using a global thread pool rather than a local pool
Still using a global thread pool rather than a local pool
Still using a global thread pool rather than a local pool
Still using a global thread pool rather than a local pool
Still using a global thread pool rather than a local pool
Still using a global thread pool rather than a local pool
Still using a global thread pool rather than a local pool
Still using a global thread pool rather than a local pool
Still using a global thread pool rather than a local pool
Still using a global thread pool rather than a local pool
Still using a global thread pool rather than a local pool
Still using a global thread pool rather than a local pool
Still using a global thread pool rather than a local pool
Still using a global thread pool rather than a local pool
Still using a global thread pool rather than a local pool
Still using a global thread pool rather than a local pool
Still using a global thread pool rather than a local pool
Still using a global thread pool rather than a local pool
Still using a global thread pool rather than a local pool
Still using a global thread pool rather than a local pool
Still using a global thread pool rather than a local pool
Still using a global thread pool rather than a local pool
Still using a global thread pool rather than a local pool
Still using a global thread pool rather than a local pool
Still using a global thread pool rather than a local pool
Still using a global thread pool rather than a local pool
Still using a global thread pool rather than a local pool
Still using a global thread pool rather than a local pool
Still using a global thread pool rather than a local pool
Still using a global thread pool rather than a local pool
Still using a global thread pool rather than a local pool
Still using a global thread pool rather than a local pool
Still using a global thread pool rather than a local pool
Still using a global thread pool rather than a local pool
Still using a global thread pool rather than a local pool
Still using a global thread pool rather than a local pool
Still using a global thread pool rather than a local pool
Still using a global thread pool rather than a local pool
Still using a global thread pool rather than a local pool
Still using a global thread pool rather than a local pool
Still using a global thread pool rather than a local pool
Still using a global thread pool rather than a local pool
Still using a global thread pool rather than a local pool
Still using a global thread pool rather than a local pool
Still using a global thread pool rather than a local pool
Still using a global thread pool rather than a local pool
Still using a global thread pool rather than a local pool
Still using a global thread pool rather than a local pool
Still using a global thread pool rather than a local pool
Still using a global thread pool rather than a local pool
Still using a global thread pool rather than a local pool
Still using a global thread pool rather than a local pool
Still using a global thread pool rather than a local pool
Still using a global thread pool rather than a local pool
Still using a global thread pool rather than a local pool
Still using a global thread pool rather than a local pool
Still using a global thread pool rather than a local pool
Still using a global thread pool rather than a local pool
Still using a global thread pool rather than a local pool
Still using a global thread pool rather than a local pool
Still using a global thread pool rather than a local pool
Still using a global thread pool rather than a local pool
Still using a global thread pool rather than a local pool
Still using a global thread pool rather than a local pool
Still using a global thread pool rather than a local pool
Still using a global thread pool rather than a local pool
Still using a global thread pool rather than a local pool
Still using a global thread pool rather than a local pool
Still using a global thread pool rather than a local pool
Still using a global thread pool rather than a local pool
Still using a global thread pool rather than a local pool
Still using a global thread pool rather than a local pool
Still using a global thread pool rather than a local pool
Still using a global thread pool rather than a local pool
Still using a global thread pool rather than a local pool
Still using a global thread pool rather than a local pool
Still using a global thread pool rather than a local pool
Still using a global thread pool rather than a local pool
Still using a global thread pool rather than a local pool
Still using a global thread pool rather than a local pool
Still using a global thread pool rather than a local pool
Still using a global thread pool rather than a local pool
Still using a global thread pool rather than a local pool
Still using a global thread pool rather than a local pool
Still using a global thread pool rather than a local pool
Still using a global thread pool rather than a local pool
Still using a global thread pool rather than a local pool
Still using a global thread pool rather than a local pool
Still using a global thread pool rather than a local pool
Still using a global thread pool rather than a local pool
Still using a global thread pool rather than a local pool
Still using a global thread pool rather than a local pool
Still using a global thread pool rather than a local pool
Still using a global thread pool rather than a local pool
Still using a global thread pool rather than a local pool
Still using a global thread pool rather than a local pool
Still using a global thread pool rather than a local pool
Still using a global thread pool rather than a local pool
Still using a global thread pool rather than a local pool
Still using a global thread pool rather than a local pool
Still using a global thread pool rather than a local pool
Still using a global thread pool rather than a local pool
Still using a global thread pool rather than a local pool
Still using a global thread pool rather than a local pool
Still using a global thread pool rather than a local pool
Still using a global thread pool rather than a local pool
Still using a global thread pool rather than a local pool
Still using a global thread pool rather than a local pool
Still using a global thread pool rather than a local pool
Still using a global thread pool rather than a local pool
Still using a global thread pool rather than a local pool
Still using a global thread pool rather than a local pool
Still using a global thread pool rather than a local pool
Still using a global thread pool rather than a local pool
Still using a global thread pool rather than a local pool
Still using a global thread pool rather than a local pool
Still using a global thread pool rather than a local pool
Still using a global thread pool rather than a local pool
Still using a global thread pool rather than a local pool
Still using a global thread pool rather than a local pool
Still using a global thread pool rather than a local pool
Still using a global thread pool rather than a local pool
Still using a global thread pool rather than a local pool
Still using a global thread pool rather than a local pool
Still using a global thread pool rather than a local pool
Still using a global thread pool rather than a local pool
Still using a global thread pool rather than a local pool
Still using a global thread pool rather than a local pool
Still using a global thread pool rather than a local pool
Still using a global thread pool rather than a local pool
Still using a global thread pool rather than a local pool
Still using a global thread pool rather than a local pool
Still using a global thread pool rather than a local pool
Still using a global thread pool rather than a local pool
Still using a global thread pool rather than a local pool
Still using a global thread pool rather than a local pool
Still using a global thread pool rather than a local pool
Still using a global thread pool rather than a local pool
Still using a global thread pool rather than a local pool
Still using a global thread pool rather than a local pool
Still using a global thread pool rather than a local pool
Still using a global thread pool rather than a local pool
Still using a global thread pool rather than a local pool
Still using a global thread pool rather than a local pool
Still using a global thread pool rather than a local pool
Still using a global thread pool rather than a local pool
Still using a global thread pool rather than a local pool
Still using a global thread pool rather than a local pool
Still using a global thread pool rather than a local pool
Still using a global thread pool rather than a local pool
Still using a global thread pool rather than a local pool
Still using a global thread pool rather than a local pool
Still using a global thread pool rather than a local pool
Still using a global thread pool rather than a local pool
Still using a global thread pool rather than a local pool
Still using a global thread pool rather than a local pool
Still using a global thread pool rather than a local pool
Still using a global thread pool rather than a local pool
Still using a global thread pool rather than a local pool
Still using a global thread pool rather than a local pool
Still using a global thread pool rather than a local pool
Still using a global thread pool rather than a local pool
Still using a global thread pool rather than a local pool
Still using a global thread pool rather than a local pool
Still using a global thread pool rather than a local pool
Still using a global thread pool rather than a local pool
Still using a global thread pool rather than a local pool
Still using a global thread pool rather than a local pool
Still using a global thread pool rather than a local pool
Still using a global thread pool rather than a local pool
Still using a global thread pool rather than a local pool
Still using a global thread pool rather than a local pool
Still using a global thread pool rather than a local pool
Still using a global thread pool rather than a local pool
Still using a global thread pool rather than a local pool
Still using a global thread pool rather than a local pool
Still using a global thread pool rather than a local pool
Still using a global thread pool rather than a local pool
Still using a global thread pool rather than a local pool
Still using a global thread pool rather than a local pool
Still using a global thread pool rather than a local pool
Still using a global thread pool rather than a local pool
Still using a global thread pool rather than a local pool
Still using a global thread pool rather than a local pool
Still using a global thread pool rather than a local pool
Still using a global thread pool rather than a local pool
Still using a global thread pool rather than a local pool
Still using a global thread pool rather than a local pool
Still using a global thread pool rather than a local pool
Still using a global thread pool rather than a local pool
Still using a global thread pool rather than a local pool
Still using a global thread pool rather than a local pool
Still using a global thread pool rather than a local pool
Still using a global thread pool rather than a local pool
Still using a global thread pool rather than a local pool
Still using a global thread pool rather than a local pool
Still using a global thread pool rather than a local pool
Still using a global thread pool rather than a local pool
Still using a global thread pool rather than a local pool
Still using a global thread pool rather than a local pool
Still using a global thread pool rather than a local pool
Still using a global thread pool rather than a local pool
Still using a global thread pool rather than a local pool
Still using a global thread pool rather than a local pool
Still using a global thread pool rather than a local pool
Still using a global thread pool rather than a local pool
Still using a global thread pool rather than a local pool
Still using a global thread pool rather than a local pool
Still using a global thread pool rather than a local pool
Still using a global thread pool rather than a local pool
Still using a global thread pool rather than a local pool
Still using a global thread pool rather than a local pool
Still using a global thread pool rather than a local pool
Still using a global thread pool rather than a local pool
Still using a global thread pool rather than a local pool
Still using a global thread pool rather than a local pool
Still using a global thread pool rather than a local pool
Still using a global thread pool rather than a local pool
Still using a global thread pool rather than a local pool
Still using a global thread pool rather than a local pool
Still using a global thread pool rather than a local pool
Still using a global thread pool rather than a local pool
Still using a global thread pool rather than a local pool
Still using a global thread pool rather than a local pool
Still using a global thread pool rather than a local pool
Still using a global thread pool rather than a local pool
Still using a global thread pool rather than a local pool
Still using a global thread pool rather than a local pool
Still using a global thread pool rather than a local pool
Still using a global thread pool rather than a local pool
Still using a global thread pool rather than a local pool
Still using a global thread pool rather than a local pool
Still using a global thread pool rather than a local pool
Still using a global thread pool rather than a local pool
Still using a global thread pool rather than a local pool
Still using a global thread pool rather than a local pool
Still using a global thread pool rather than a local pool
Still using a global thread pool rather than a local pool
Still using a global thread pool rather than a local pool
Still using a global thread pool rather than a local pool
Still using a global thread pool rather than a local pool
Still using a global thread pool rather than a local pool
Still using a global thread pool rather than a local pool
Still using a global thread pool rather than a local pool
Still using a global thread pool rather than a local pool
Still using a global thread pool rather than a local pool
Still using a global thread pool rather than a local pool
Still using a global thread pool rather than a local pool
Still using a global thread pool rather than a local pool
Still using a global thread pool rather than a local pool
Still using a global thread pool rather than a local pool
Still using a global thread pool rather than a local pool
Still using a global thread pool rather than a local pool
Still using a global thread pool rather than a local pool
Still using a global thread pool rather than a local pool
Still using a global thread pool rather than a local pool
Still using a global thread pool rather than a local pool
Still using a global thread pool rather than a local pool
Still using a global thread pool rather than a local pool
Still using a global thread pool rather than a local pool
Still using a global thread pool rather than a local pool
Still using a global thread pool rather than a local pool
Still using a global thread pool rather than a local pool
Still using a global thread pool rather than a local pool
Still using a global thread pool rather than a local pool
Still using a global thread pool rather than a local pool
Still using a global thread pool rather than a local pool
Still using a global thread pool rather than a local pool
Still using a global thread pool rather than a local pool
Still using a global thread pool rather than a local pool
Still using a global thread pool rather than a local pool
Still using a global thread pool rather than a local pool
Still using a global thread pool rather than a local pool
Still using a global thread pool rather than a local pool
Still using a global thread pool rather than a local pool
Still using a global thread pool rather than a local pool
Still using a global thread pool rather than a local pool
Still using a global thread pool rather than a local pool
Still using a global thread pool rather than a local pool
Still using a global thread pool rather than a local pool
Still using a global thread pool rather than a local pool
Still using a global thread pool rather than a local pool
Still using a global thread pool rather than a local pool
Still using a global thread pool rather than a local pool
Still using a global thread pool rather than a local pool
Still using a global thread pool rather than a local pool
Still using a global thread pool rather than a local pool
Still using a global thread pool rather than a local pool
Still using a global thread pool rather than a local pool
Still using a global thread pool rather than a local pool
Still using a global thread pool rather than a local pool
Still using a global thread pool rather than a local pool
Still using a global thread pool rather than a local pool
Still using a global thread pool rather than a local pool
Still using a global thread pool rather than a local pool
Still using a global thread pool rather than a local pool
Still using a global thread pool rather than a local pool
Still using a global thread pool rather than a local pool
Still using a global thread pool rather than a local pool
Still using a global thread pool rather than a local pool
Still using a global thread pool rather than a local pool
Still using a global thread pool rather than a local pool
Still using a global thread pool rather than a local pool
Still using a global thread pool rather than a local pool
Still using a global thread pool rather than a local pool
Still using a global thread pool rather than a local pool
Still using a global thread pool rather than a local pool
Still using a global thread pool rather than a local pool
Still using a global thread pool rather than a local pool
Still using a global thread pool rather than a local pool
Still using a global thread pool rather than a local pool
Still using a global thread pool rather than a local pool
Still using a global thread pool rather than a local pool
Still using a global thread pool rather than a local pool
Still using a global thread pool rather than a local pool
Still using a global thread pool rather than a local pool
Still using a global thread pool rather than a local pool
Still using a global thread pool rather than a local pool
Still using a global thread pool rather than a local pool
Still using a global thread pool rather than a local pool
Still using a global thread pool rather than a local pool
Still using a global thread pool rather than a local pool
Still using a global thread pool rather than a local pool
Still using a global thread pool rather than a local pool
Still using a global thread pool rather than a local pool
Still using a global thread pool rather than a local pool
Still using a global thread pool rather than a local pool
Still using a global thread pool rather than a local pool
Still using a global thread pool rather than a local pool
Still using a global thread pool rather than a local pool
Still using a global thread pool rather than a local pool
Still using a global thread pool rather than a local pool
Still using a global thread pool rather than a local pool
Still using a global thread pool rather than a local pool
Still using a global thread pool rather than a local pool
Still using a global thread pool rather than a local pool
Still using a global thread pool rather than a local pool
Still using a global thread pool rather than a local pool
Still using a global thread pool rather than a local pool
Still using a global thread pool rather than a local pool
Still using a global thread pool rather than a local pool
Still using a global thread pool rather than a local pool
Still using a global thread pool rather than a local pool
Still using a global thread pool rather than a local pool
Still using a global thread pool rather than a local pool
Still using a global thread pool rather than a local pool
Still using a global thread pool rather than a local pool
Still using a global thread pool rather than a local pool
Still using a global thread pool rather than a local pool
Still using a global thread pool rather than a local pool
Still using a global thread pool rather than a local pool
Still using a global thread pool rather than a local pool
Still using a global thread pool rather than a local pool
Still using a global thread pool rather than a local pool
Still using a global thread pool rather than a local pool
Still using a global thread pool rather than a local pool
Still using a global thread pool rather than a local pool
Still using a global thread pool rather than a local pool
Still using a global thread pool rather than a local pool
Still using a global thread pool rather than a local pool
Still using a global thread pool rather than a local pool
Still using a global thread pool rather than a local pool
Still using a global thread pool rather than a local pool
Still using a global thread pool rather than a local pool
Still using a global thread pool rather than a local pool
Still using a global thread pool rather than a local pool
Still using a global thread pool rather than a local pool
Still using a global thread pool rather than a local pool
Still using a global thread pool rather than a local pool
Still using a global thread pool rather than a local pool
Still using a global thread pool rather than a local pool
Still using a global thread pool rather than a local pool
Still using a global thread pool rather than a local pool
Still using a global thread pool rather than a local pool
Still using a global thread pool rather than a local pool
Still using a global thread pool rather than a local pool
Still using a global thread pool rather than a local pool
Still using a global thread pool rather than a local pool
Still using a global thread pool rather than a local pool
Still using a global thread pool rather than a local pool
Still using a global thread pool rather than a local pool
Still using a global thread pool rather than a local pool
Still using a global thread pool rather than a local pool
Still using a global thread pool rather than a local pool
Still using a global thread pool rather than a local pool
Still using a global thread pool rather than a local pool
Still using a global thread pool rather than a local pool
Still using a global thread pool rather than a local pool
Still using a global thread pool rather than a local pool
Still using a global thread pool rather than a local pool
Still using a global thread pool rather than a local pool
Still using a global thread pool rather than a local pool
Still using a global thread pool rather than a local pool
Still using a global thread pool rather than a local pool
Still using a global thread pool rather than a local pool
Still using a global thread pool rather than a local pool
Still using a global thread pool rather than a local pool
Still using a global thread pool rather than a local pool
Still using a global thread pool rather than a local pool
Still using a global thread pool rather than a local pool
Still using a global thread pool rather than a local pool
Still using a global thread pool rather than a local pool
Still using a global thread pool rather than a local pool
Still using a global thread pool rather than a local pool
Still using a global thread pool rather than a local pool
Still using a global thread pool rather than a local pool
Still using a global thread pool rather than a local pool
Still using a global thread pool rather than a local pool
Still using a global thread pool rather than a local pool
Still using a global thread pool rather than a local pool
Still using a global thread pool rather than a local pool
Still using a global thread pool rather than a local pool
Still using a global thread pool rather than a local pool
Still using a global thread pool rather than a local pool
Still using a global thread pool rather than a local pool
Still using a global thread pool rather than a local pool
Still using a global thread pool rather than a local pool
Still using a global thread pool rather than a local pool
Still using a global thread pool rather than a local pool
Still using a global thread pool rather than a local pool
Still using a global thread pool rather than a local pool
Still using a global thread pool rather than a local pool
Still using a global thread pool rather than a local pool
Still using a global thread pool rather than a local pool
Still using a global thread pool rather than a local pool
Still using a global thread pool rather than a local pool
Still using a global thread pool rather than a local pool
Still using a global thread pool rather than a local pool
Still using a global thread pool rather than a local pool
Still using a global thread pool rather than a local pool
Still using a global thread pool rather than a local pool
Still using a global thread pool rather than a local pool
Still using a global thread pool rather than a local pool
Still using a global thread pool rather than a local pool
Still using a global thread pool rather than a local pool
Still using a global thread pool rather than a local pool
Still using a global thread pool rather than a local pool
Still using a global thread pool rather than a local pool
Still using a global thread pool rather than a local pool
Still using a global thread pool rather than a local pool
Still using a global thread pool rather than a local pool
Still using a global thread pool rather than a local pool
Still using a global thread pool rather than a local pool
Still using a global thread pool rather than a local pool
Still using a global thread pool rather than a local pool
Still using a global thread pool rather than a local pool
Still using a global thread pool rather than a local pool
Still using a global thread pool rather than a local pool
Still using a global thread pool rather than a local pool
Still using a global thread pool rather than a local pool
Still using a global thread pool rather than a local pool
Still using a global thread pool rather than a local pool
Still using a global thread pool rather than a local pool
Still using a global thread pool rather than a local pool
Still using a global thread pool rather than a local pool
Still using a global thread pool rather than a local pool
Still using a global thread pool rather than a local pool
Still using a global thread pool rather than a local pool
Still using a global thread pool rather than a local pool
Still using a global thread pool rather than a local pool
Still using a global thread pool rather than a local pool
Still using a global thread pool rather than a local pool
Still using a global thread pool rather than a local pool
Still using a global thread pool rather than a local pool
Still using a global thread pool rather than a local pool
Still using a global thread pool rather than a local pool
Still using a global thread pool rather than a local pool
Still using a global thread pool rather than a local pool
Still using a global thread pool rather than a local pool
Still using a global thread pool rather than a local pool
Still using a global thread pool rather than a local pool
Still using a global thread pool rather than a local pool
Still using a global thread pool rather than a local pool
Still using a global thread pool rather than a local pool
Still using a global thread pool rather than a local pool
Still using a global thread pool rather than a local pool
Still using a global thread pool rather than a local pool
Still using a global thread pool rather than a local pool
Still using a global thread pool rather than a local pool
Still using a global thread pool rather than a local pool
Still using a global thread pool rather than a local pool
Still using a global thread pool rather than a local pool
Still using a global thread pool rather than a local pool
Still using a global thread pool rather than a local pool
Still using a global thread pool rather than a local pool
Still using a global thread pool rather than a local pool
Still using a global thread pool rather than a local pool
Still using a global thread pool rather than a local pool
Still using a global thread pool rather than a local pool
Still using a global thread pool rather than a local pool
Still using a global thread pool rather than a local pool
Still using a global thread pool rather than a local pool
Still using a global thread pool rather than a local pool
Still using a global thread pool rather than a local pool
Still using a global thread pool rather than a local pool
Still using a global thread pool rather than a local pool
Still using a global thread pool rather than a local pool
Still using a global thread pool rather than a local pool
Still using a global thread pool rather than a local pool
Still using a global thread pool rather than a local pool
Still using a global thread pool rather than a local pool
Still using a global thread pool rather than a local pool
Still using a global thread pool rather than a local pool
Still using a global thread pool rather than a local pool
Still using a global thread pool rather than a local pool
Still using a global thread pool rather than a local pool
Still using a global thread pool rather than a local pool
Still using a global thread pool rather than a local pool
Still using a global thread pool rather than a local pool
Still using a global thread pool rather than a local pool
Still using a global thread pool rather than a local pool
Still using a global thread pool rather than a local pool
Still using a global thread pool rather than a local pool
Still using a global thread pool rather than a local pool
Still using a global thread pool rather than a local pool
Still using a global thread pool rather than a local pool
Still using a global thread pool rather than a local pool
Still using a global thread pool rather than a local pool
Still using a global thread pool rather than a local pool
Still using a global thread pool rather than a local pool
Still using a global thread pool rather than a local pool
Still using a global thread pool rather than a local pool
Still using a global thread pool rather than a local pool
Still using a global thread pool rather than a local pool
Still using a global thread pool rather than a local pool
Still using a global thread pool rather than a local pool
Still using a global thread pool rather than a local pool
Still using a global thread pool rather than a local pool
Still using a global thread pool rather than a local pool
Still using a global thread pool rather than a local pool
Still using a global thread pool rather than a local pool
Still using a global thread pool rather than a local pool
Still using a global thread pool rather than a local pool
Still using a global thread pool rather than a local pool
Still using a global thread pool rather than a local pool
Still using a global thread pool rather than a local pool
Still using a global thread pool rather than a local pool
Still using a global thread pool rather than a local pool
Still using a global thread pool rather than a local pool
Still using a global thread pool rather than a local pool
Still using a global thread pool rather than a local pool
Still using a global thread pool rather than a local pool
Still using a global thread pool rather than a local pool
Still using a global thread pool rather than a local pool
Still using a global thread pool rather than a local pool
Still using a global thread pool rather than a local pool
Still using a global thread pool rather than a local pool
Still using a global thread pool rather than a local pool
Still using a global thread pool rather than a local pool
Still using a global thread pool rather than a local pool
Still using a global thread pool rather than a local pool
Still using a global thread pool rather than a local pool
Still using a global thread pool rather than a local pool
Still using a global thread pool rather than a local pool
Still using a global thread pool rather than a local pool
Still using a global thread pool rather than a local pool
Still using a global thread pool rather than a local pool
Still using a global thread pool rather than a local pool
Still using a global thread pool rather than a local pool
Still using a global thread pool rather than a local pool
Still using a global thread pool rather than a local pool
Still using a global thread pool rather than a local pool
Still using a global thread pool rather than a local pool
Still using a global thread pool rather than a local pool
Still using a global thread pool rather than a local pool
Still using a global thread pool rather than a local pool
Still using a global thread pool rather than a local pool
Still using a global thread pool rather than a local pool
Still using a global thread pool rather than a local pool
Still using a global thread pool rather than a local pool
Still using a global thread pool rather than a local pool
Still using a global thread pool rather than a local pool
Still using a global thread pool rather than a local pool
Still using a global thread pool rather than a local pool
Still using a global thread pool rather than a local pool
Still using a global thread pool rather than a local pool
Still using a global thread pool rather than a local pool
Still using a global thread pool rather than a local pool
Still using a global thread pool rather than a local pool
Still using a global thread pool rather than a local pool
Still using a global thread pool rather than a local pool
Still using a global thread pool rather than a local pool
Still using a global thread pool rather than a local pool
Still using a global thread pool rather than a local pool
Still using a global thread pool rather than a local pool
Still using a global thread pool rather than a local pool
Still using a global thread pool rather than a local pool
Still using a global thread pool rather than a local pool
Still using a global thread pool rather than a local pool
Still using a global thread pool rather than a local pool
Still using a global thread pool rather than a local pool
Still using a global thread pool rather than a local pool
Still using a global thread pool rather than a local pool
Still using a global thread pool rather than a local pool
Still using a global thread pool rather than a local pool
Still using a global thread pool rather than a local pool
Still using a global thread pool rather than a local pool
Still using a global thread pool rather than a local pool
Still using a global thread pool rather than a local pool
Still using a global thread pool rather than a local pool
Still using a global thread pool rather than a local pool
Still using a global thread pool rather than a local pool
Still using a global thread pool rather than a local pool
Still using a global thread pool rather than a local pool
Still using a global thread pool rather than a local pool
Still using a global thread pool rather than a local pool
Still using a global thread pool rather than a local pool
Still using a global thread pool rather than a local pool
Still using a global thread pool rather than a local pool
Still using a global thread pool rather than a local pool
Still using a global thread pool rather than a local pool
Still using a global thread pool rather than a local pool
Still using a global thread pool rather than a local pool
Still using a global thread pool rather than a local pool
Still using a global thread pool rather than a local pool
Still using a global thread pool rather than a local pool
Still using a global thread pool rather than a local pool
Still using a global thread pool rather than a local pool
Still using a global thread pool rather than a local pool
Still using a global thread pool rather than a local pool
Still using a global thread pool rather than a local pool
Still using a global thread pool rather than a local pool
Still using a global thread pool rather than a local pool
Still using a global thread pool rather than a local pool
Still using a global thread pool rather than a local pool
Still using a global thread pool rather than a local pool
Still using a global thread pool rather than a local pool
Still using a global thread pool rather than a local pool
Still using a global thread pool rather than a local pool
Still using a global thread pool rather than a local pool
Still using a global thread pool rather than a local pool
Still using a global thread pool rather than a local pool
Still using a global thread pool rather than a local pool
Still using a global thread pool rather than a local pool
Still using a global thread pool rather than a local pool
Still using a global thread pool rather than a local pool
Still using a global thread pool rather than a local pool
Still using a global thread pool rather than a local pool
Still using a global thread pool rather than a local pool
Still using a global thread pool rather than a local pool
Still using a global thread pool rather than a local pool
Still using a global thread pool rather than a local pool
Still using a global thread pool rather than a local pool
Still using a global thread pool rather than a local pool
Still using a global thread pool rather than a local pool
Still using a global thread pool rather than a local pool
Still using a global thread pool rather than a local pool
Still using a global thread pool rather than a local pool
Still using a global thread pool rather than a local pool
Still using a global thread pool rather than a local pool
Still using a global thread pool rather than a local pool
Still using a global thread pool rather than a local pool
Still using a global thread pool rather than a local pool
Still using a global thread pool rather than a local pool
Still using a global thread pool rather than a local pool
Still using a global thread pool rather than a local pool
Still using a global thread pool rather than a local pool
Still using a global thread pool rather than a local pool
Still using a global thread pool rather than a local pool
Still using a global thread pool rather than a local pool
Still using a global thread pool rather than a local pool
Still using a global thread pool rather than a local pool
Still using a global thread pool rather than a local pool
Still using a global thread pool rather than a local pool
Still using a global thread pool rather than a local pool
Still using a global thread pool rather than a local pool
Still using a global thread pool rather than a local pool
Still using a global thread pool rather than a local pool
Still using a global thread pool rather than a local pool
Still using a global thread pool rather than a local pool
Still using a global thread pool rather than a local pool
Still using a global thread pool rather than a local pool
Still using a global thread pool rather than a local pool
Still using a global thread pool rather than a local pool
Still using a global thread pool rather than a local pool
Still using a global thread pool rather than a local pool
Still using a global thread pool rather than a local pool
Still using a global thread pool rather than a local pool
Still using a global thread pool rather than a local pool
Still using a global thread pool rather than a local pool
Still using a global thread pool rather than a local pool
Still using a global thread pool rather than a local pool
Still using a global thread pool rather than a local pool
Still using a global thread pool rather than a local pool
Still using a global thread pool rather than a local pool
Still using a global thread pool rather than a local pool
Still using a global thread pool rather than a local pool
Still using a global thread pool rather than a local pool
Still using a global thread pool rather than a local pool
Still using a global thread pool rather than a local pool
Still using a global thread pool rather than a local pool
Still using a global thread pool rather than a local pool
Still using a global thread pool rather than a local pool
Still using a global thread pool rather than a local pool
Still using a global thread pool rather than a local pool
Still using a global thread pool rather than a local pool
Still using a global thread pool rather than a local pool
Still using a global thread pool rather than a local pool
Still using a global thread pool rather than a local pool
Still using a global thread pool rather than a local pool
Still using a global thread pool rather than a local pool
Still using a global thread pool rather than a local pool
Still using a global thread pool rather than a local pool
Still using a global thread pool rather than a local pool
Still using a global thread pool rather than a local pool
Still using a global thread pool rather than a local pool
Still using a global thread pool rather than a local pool
Still using a global thread pool rather than a local pool
Still using a global thread pool rather than a local pool
Still using a global thread pool rather than a local pool
Still using a global thread pool rather than a local pool
Still using a global thread pool rather than a local pool
Still using a global thread pool rather than a local pool
Still using a global thread pool rather than a local pool
Still using a global thread pool rather than a local pool
Still using a global thread pool rather than a local pool
Still using a global thread pool rather than a local pool
Still using a global thread pool rather than a local pool
Still using a global thread pool rather than a local pool
Still using a global thread pool rather than a local pool
Still using a global thread pool rather than a local pool
Still using a global thread pool rather than a local pool
Still using a global thread pool rather than a local pool
Still using a global thread pool rather than a local pool
Still using a global thread pool rather than a local pool
Still using a global thread pool rather than a local pool
Still using a global thread pool rather than a local pool
Still using a global thread pool rather than a local pool
Still using a global thread pool rather than a local pool
Still using a global thread pool rather than a local pool
Still using a global thread pool rather than a local pool
Still using a global thread pool rather than a local pool
Still using a global thread pool rather than a local pool
Still using a global thread pool rather than a local pool
Still using a global thread pool rather than a local pool
Still using a global thread pool rather than a local pool
Still using a global thread pool rather than a local pool
Still using a global thread pool rather than a local pool
Still using a global thread pool rather than a local pool
Still using a global thread pool rather than a local pool
Still using a global thread pool rather than a local pool
Still using a global thread pool rather than a local pool
Still using a global thread pool rather than a local pool
Still using a global thread pool rather than a local pool
Still using a global thread pool rather than a local pool
Still using a global thread pool rather than a local pool
Still using a global thread pool rather than a local pool
Still using a global thread pool rather than a local pool
Still using a global thread pool rather than a local pool
Still using a global thread pool rather than a local pool
Still using a global thread pool rather than a local pool
Still using a global thread pool rather than a local pool
Still using a global thread pool rather than a local pool
Still using a global thread pool rather than a local pool
Still using a global thread pool rather than a local pool
Still using a global thread pool rather than a local pool
[...]
Still using a global thread pool rather than a local pool
Still using a global thread pool rather than a local pool
Still using a global thread pool rather than a local pool
Still using a global thread pool rather than a local pool
Still using a global thread pool rather than a local pool
Still using a global thread pool rather than a local pool
Still using a global thread pool rather than a local pool
Still using a global thread pool rather than a local pool
Still using a global thread pool rather than a local pool
Still using a global thread pool rather than a local pool
Still using a global thread pool rather than a local pool
Still using a global thread pool rather than a local pool
Still using a global thread pool rather than a local pool
Still using a global thread pool rather than a local pool
Still using a global thread pool rather than a local pool
Still using a global thread pool rather than a local pool
Still using a global thread pool rather than a local pool
Still using a global thread pool rather than a local pool
Still using a global thread pool rather than a local pool
Still using a global thread pool rather than a local pool
Still using a global thread pool rather than a local pool
Still using a global thread pool rather than a local pool
Still using a global thread pool rather than a local pool
Still using a global thread pool rather than a local pool
Still using a global thread pool rather than a local pool
Still using a global thread pool rather than a local pool
Still using a global thread pool rather than a local pool
Still using a global thread pool rather than a local pool
Still using a global thread pool rather than a local pool
Still using a global thread pool rather than a local pool
Still using a global thread pool rather than a local pool
Still using a global thread pool rather than a local pool
Still using a global thread pool rather than a local pool
Still using a global thread pool rather than a local pool
Still using a global thread pool rather than a local pool
Still using a global thread pool rather than a local pool
Still using a global thread pool rather than a local pool
Still using a global thread pool rather than a local pool
Still using a global thread pool rather than a local pool
Still using a global thread pool rather than a local pool
Still using a global thread pool rather than a local pool
Still using a global thread pool rather than a local pool
Still using a global thread pool rather than a local pool
Still using a global thread pool rather than a local pool
Still using a global thread pool rather than a local pool
Still using a global thread pool rather than a local pool
Still using a global thread pool rather than a local pool
Still using a global thread pool rather than a local pool
Still using a global thread pool rather than a local pool
Still using a global thread pool rather than a local pool
Still using a global thread pool rather than a local pool
Still using a global thread pool rather than a local pool
Still using a global thread pool rather than a local pool
Still using a global thread pool rather than a local pool
Still using a global thread pool rather than a local pool
Still using a global thread pool rather than a local pool
Still using a global thread pool rather than a local pool
Still using a global thread pool rather than a local pool
Still using a global thread pool rather than a local pool
Still using a global thread pool rather than a local pool
Still using a global thread pool rather than a local pool
Still using a global thread pool rather than a local pool
Still using a global thread pool rather than a local pool
Still using a global thread pool rather than a local pool
Still using a global thread pool rather than a local pool
Still using a global thread pool rather than a local pool
Still using a global thread pool rather than a local pool
Still using a global thread pool rather than a local pool
Still using a global thread pool rather than a local pool
Still using a global thread pool rather than a local pool
Still using a global thread pool rather than a local pool
Still using a global thread pool rather than a local pool
Still using a global thread pool rather than a local pool
Still using a global thread pool rather than a local pool
Still using a global thread pool rather than a local pool
Still using a global thread pool rather than a local pool
Still using a global thread pool rather than a local pool
Still using a global thread pool rather than a local pool
Still using a global thread pool rather than a local pool
Still using a global thread pool rather than a local pool
Still using a global thread pool rather than a local pool
Still using a global thread pool rather than a local pool
Still using a global thread pool rather than a local pool
Still using a global thread pool rather than a local pool
Still using a global thread pool rather than a local pool
Still using a global thread pool rather than a local pool
Still using a global thread pool rather than a local pool
Still using a global thread pool rather than a local pool
Still using a global thread pool rather than a local pool
Still using a global thread pool rather than a local pool
Still using a global thread pool rather than a local pool
Still using a global thread pool rather than a local pool
Still using a global thread pool rather than a local pool
Still using a global thread pool rather than a local pool
Still using a global thread pool rather than a local pool
Still using a global thread pool rather than a local pool
Still using a global thread pool rather than a local pool
Still using a global thread pool rather than a local pool
Still using a global thread pool rather than a local pool
Still using a global thread pool rather than a local pool
Still using a global thread pool rather than a local pool
Still using a global thread pool rather than a local pool
Still using a global thread pool rather than a local pool
Still using a global thread pool rather than a local pool
Still using a global thread pool rather than a local pool
Still using a global thread pool rather than a local pool
Still using a global thread pool rather than a local pool
Still using a global thread pool rather than a local pool
Still using a global thread pool rather than a local pool
Still using a global thread pool rather than a local pool
Still using a global thread pool rather than a local pool
Still using a global thread pool rather than a local pool
Still using a global thread pool rather than a local pool
Still using a global thread pool rather than a local pool
Still using a global thread pool rather than a local pool
Still using a global thread pool rather than a local pool
Still using a global thread pool rather than a local pool
Still using a global thread pool rather than a local pool
Still using a global thread pool rather than a local pool
Still using a global thread pool rather than a local pool
Still using a global thread pool rather than a local pool
Still using a global thread pool rather than a local pool
Still using a global thread pool rather than a local pool
Still using a global thread pool rather than a local pool
Still using a global thread pool rather than a local pool
Still using a global thread pool rather than a local pool
Still using a global thread pool rather than a local pool
Still using a global thread pool rather than a local pool
Still using a global thread pool rather than a local pool
Still using a global thread pool rather than a local pool
Still using a global thread pool rather than a local pool
Still using a global thread pool rather than a local pool
Still using a global thread pool rather than a local pool
Still using a global thread pool rather than a local pool
Still using a global thread pool rather than a local pool
Still using a global thread pool rather than a local pool
Still using a global thread pool rather than a local pool
Still using a global thread pool rather than a local pool
Still using a global thread pool rather than a local pool
Still using a global thread pool rather than a local pool
Still using a global thread pool rather than a local pool
Still using a global thread pool rather than a local pool
Still using a global thread pool rather than a local pool
Still using a global thread pool rather than a local pool
Still using a global thread pool rather than a local pool
Still using a global thread pool rather than a local pool
Still using a global thread pool rather than a local pool
Still using a global thread pool rather than a local pool
Still using a global thread pool rather than a local pool
Still using a global thread pool rather than a local pool
Still using a global thread pool rather than a local pool
Still using a global thread pool rather than a local pool
Still using a global thread pool rather than a local pool
Still using a global thread pool rather than a local pool
Still using a global thread pool rather than a local pool
Still using a global thread pool rather than a local pool
Still using a global thread pool rather than a local pool
Still using a global thread pool rather than a local pool
Still using a global thread pool rather than a local pool
Still using a global thread pool rather than a local pool
Still using a global thread pool rather than a local pool
Still using a global thread pool rather than a local pool
Still using a global thread pool rather than a local pool
Still using a global thread pool rather than a local pool
Still using a global thread pool rather than a local pool
Still using a global thread pool rather than a local pool
Still using a global thread pool rather than a local pool
Still using a global thread pool rather than a local pool
Still using a global thread pool rather than a local pool
Still using a global thread pool rather than a local pool
Still using a global thread pool rather than a local pool
Still using a global thread pool rather than a local pool
Still using a global thread pool rather than a local pool
Still using a global thread pool rather than a local pool
Still using a global thread pool rather than a local pool
Still using a global thread pool rather than a local pool
Still using a global thread pool rather than a local pool
Still using a global thread pool rather than a local pool
Still using a global thread pool rather than a local pool
Still using a global thread pool rather than a local pool
Still using a global thread pool rather than a local pool
Still using a global thread pool rather than a local pool
Still using a global thread pool rather than a local pool
Still using a global thread pool rather than a local pool
Still using a global thread pool rather than a local pool
Still using a global thread pool rather than a local pool
Still using a global thread pool rather than a local pool
Still using a global thread pool rather than a local pool
Still using a global thread pool rather than a local pool
Still using a global thread pool rather than a local pool
Still using a global thread pool rather than a local pool
Still using a global thread pool rather than a local pool
Still using a global thread pool rather than a local pool
Still using a global thread pool rather than a local pool
Still using a global thread pool rather than a local pool
Still using a global thread pool rather than a local pool
Still using a global thread pool rather than a local pool
Still using a global thread pool rather than a local pool
Still using a global thread pool rather than a local pool
Still using a global thread pool rather than a local pool
Still using a global thread pool rather than a local pool
Still using a global thread pool rather than a local pool
Still using a global thread pool rather than a local pool
Still using a global thread pool rather than a local pool
Still using a global thread pool rather than a local pool
Still using a global thread pool rather than a local pool
Still using a global thread pool rather than a local pool
Still using a global thread pool rather than a local pool
Still using a global thread pool rather than a local pool
Still using a global thread pool rather than a local pool
Still using a global thread pool rather than a local pool
Still using a global thread pool rather than a local pool
Still using a global thread pool rather than a local pool
Still using a global thread pool rather than a local pool
Still using a global thread pool rather than a local pool
Still using a global thread pool rather than a local pool
Still using a global thread pool rather than a local pool
Still using a global thread pool rather than a local pool
Still using a global thread pool rather than a local pool
Still using a global thread pool rather than a local pool
Still using a global thread pool rather than a local pool
Still using a global thread pool rather than a local pool
Still using a global thread pool rather than a local pool
Still using a global thread pool rather than a local pool
Still using a global thread pool rather than a local pool
Still using a global thread pool rather than a local pool
Still using a global thread pool rather than a local pool
Still using a global thread pool rather than a local pool
Still using a global thread pool rather than a local pool
Still using a global thread pool rather than a local pool
Still using a global thread pool rather than a local pool
Still using a global thread pool rather than a local pool
Still using a global thread pool rather than a local pool
Still using a global thread pool rather than a local pool
Still using a global thread pool rather than a local pool
Still using a global thread pool rather than a local pool
Still using a global thread pool rather than a local pool
Still using a global thread pool rather than a local pool
Still using a global thread pool rather than a local pool
Still using a global thread pool rather than a local pool
Still using a global thread pool rather than a local pool
Still using a global thread pool rather than a local pool
Still using a global thread pool rather than a local pool
Still using a global thread pool rather than a local pool
Still using a global thread pool rather than a local pool
Still using a global thread pool rather than a local pool
Still using a global thread pool rather than a local pool
Still using a global thread pool rather than a local pool
Still using a global thread pool rather than a local pool
Still using a global thread pool rather than a local pool
Still using a global thread pool rather than a local pool
Still using a global thread pool rather than a local pool
Still using a global thread pool rather than a local pool
Still using a global thread pool rather than a local pool
Still using a global thread pool rather than a local pool
Still using a global thread pool rather than a local pool
Still using a global thread pool rather than a local pool
Still using a global thread pool rather than a local pool
Still using a global thread pool rather than a local pool
Still using a global thread pool rather than a local pool
Still using a global thread pool rather than a local pool
Still using a global thread pool rather than a local pool
Still using a global thread pool rather than a local pool
Still using a global thread pool rather than a local pool
Still using a global thread pool rather than a local pool
Still using a global thread pool rather than a local pool
Still using a global thread pool rather than a local pool
Still using a global thread pool rather than a local pool
Still using a global thread pool rather than a local pool
Still using a global thread pool rather than a local pool
Still using a global thread pool rather than a local pool
Still using a global thread pool rather than a local pool
Still using a global thread pool rather than a local pool
Still using a global thread pool rather than a local pool
Still using a global thread pool rather than a local pool
Still using a global thread pool rather than a local pool
Still using a global thread pool rather than a local pool
Still using a global thread pool rather than a local pool
Still using a global thread pool rather than a local pool
Still using a global thread pool rather than a local pool
Still using a global thread pool rather than a local pool
Still using a global thread pool rather than a local pool
Still using a global thread pool rather than a local pool
Still using a global thread pool rather than a local pool
Still using a global thread pool rather than a local pool
Still using a global thread pool rather than a local pool
Still using a global thread pool rather than a local pool
Still using a global thread pool rather than a local pool
Still using a global thread pool rather than a local pool
Still using a global thread pool rather than a local pool
Still using a global thread pool rather than a local pool
Still using a global thread pool rather than a local pool
Still using a global thread pool rather than a local pool
Still using a global thread pool rather than a local pool
Still using a global thread pool rather than a local pool
Still using a global thread pool rather than a local pool
Still using a global thread pool rather than a local pool
Still using a global thread pool rather than a local pool
Still using a global thread pool rather than a local pool
Still using a global thread pool rather than a local pool
Still using a global thread pool rather than a local pool
Still using a global thread pool rather than a local pool
Still using a global thread pool rather than a local pool
Still using a global thread pool rather than a local pool
Still using a global thread pool rather than a local pool
Still using a global thread pool rather than a local pool
Still using a global thread pool rather than a local pool
Still using a global thread pool rather than a local pool
Still using a global thread pool rather than a local pool
Still using a global thread pool rather than a local pool
Still using a global thread pool rather than a local pool
Still using a global thread pool rather than a local pool
Still using a global thread pool rather than a local pool
Still using a global thread pool rather than a local pool
Still using a global thread pool rather than a local pool
Still using a global thread pool rather than a local pool
Still using a global thread pool rather than a local pool
Still using a global thread pool rather than a local pool
Still using a global thread pool rather than a local pool
Still using a global thread pool rather than a local pool
Still using a global thread pool rather than a local pool
Still using a global thread pool rather than a local pool
Still using a global thread pool rather than a local pool
Still using a global thread pool rather than a local pool
Still using a global thread pool rather than a local pool
Still using a global thread pool rather than a local pool
Still using a global thread pool rather than a local pool
Still using a global thread pool rather than a local pool
Still using a global thread pool rather than a local pool
Still using a global thread pool rather than a local pool
Still using a global thread pool rather than a local pool
Still using a global thread pool rather than a local pool
Still using a global thread pool rather than a local pool
Still using a global thread pool rather than a local pool
Still using a global thread pool rather than a local pool
Still using a global thread pool rather than a local pool
Still using a global thread pool rather than a local pool
Still using a global thread pool rather than a local pool
Still using a global thread pool rather than a local pool
Still using a global thread pool rather than a local pool
Still using a global thread pool rather than a local pool
Still using a global thread pool rather than a local pool
Still using a global thread pool rather than a local pool
</DebugTrace>
      </Output>
    </UnitTestResult>
  </Results>
</TestRun>